<?xml version="1.0" encoding="UTF-8"?>
<testsuite xmlns:xsi="http://www.w3.org/2001/XMLSchema-instance" xsi:noNamespaceSchemaLocation="https://maven.apache.org/surefire/maven-surefire-plugin/xsd/surefire-test-report-3.0.xsd" version="3.0" name="kodcu.hotelManagementSystemJavaFXMaven.AppTest" time="0.059" tests="1" errors="0" skipped="0" failures="0">
  <properties>
    <property name="java.specification.version" value="21"/>
    <property name="sun.jnu.encoding" value="UTF-8"/>
    <property name="java.class.path" value="/home/kodcu/Documents/eclipse-workspace/hotelManagementSystemJavaFXMaven/target/test-classes:/home/kodcu/Documents/eclipse-workspace/hotelManagementSystemJavaFXMaven/target/classes:/home/kodcu/.m2/repository/junit/junit/3.8.1/junit-3.8.1.jar:/home/kodcu/.m2/repository/org/openjfx/javafx-controls/23-ea+22/javafx-controls-23-ea+22.jar:/home/kodcu/.m2/repository/org/openjfx/javafx-controls/23-ea+22/javafx-controls-23-ea+22-linux.jar:/home/kodcu/.m2/repository/org/openjfx/javafx-graphics/23-ea+22/javafx-graphics-23-ea+22.jar:/home/kodcu/.m2/repository/org/openjfx/javafx-graphics/23-ea+22/javafx-graphics-23-ea+22-linux.jar:/home/kodcu/.m2/repository/org/openjfx/javafx-base/23-ea+22/javafx-base-23-ea+22.jar:/home/kodcu/.m2/repository/org/openjfx/javafx-base/23-ea+22/javafx-base-23-ea+22-linux.jar:/home/kodcu/.m2/repository/org/openjfx/javafx-fxml/23-ea+22/javafx-fxml-23-ea+22.jar:/home/kodcu/.m2/repository/org/openjfx/javafx-fxml/23-ea+22/javafx-fxml-23-ea+22-linux.jar:/home/kodcu/.m2/repository/org/openjfx/javafx-swing/23-ea+22/javafx-swing-23-ea+22.jar:/home/kodcu/.m2/repository/org/openjfx/javafx-swing/23-ea+22/javafx-swing-23-ea+22-linux.jar:/home/kodcu/.m2/repository/org/openjfx/javafx-web/23-ea+22/javafx-web-23-ea+22.jar:/home/kodcu/.m2/repository/org/openjfx/javafx-web/23-ea+22/javafx-web-23-ea+22-linux.jar:/home/kodcu/.m2/repository/org/openjfx/javafx-media/23-ea+22/javafx-media-23-ea+22.jar:/home/kodcu/.m2/repository/org/openjfx/javafx-media/23-ea+22/javafx-media-23-ea+22-linux.jar:/home/kodcu/.m2/repository/org/xerial/sqlite-jdbc/3.46.0.0/sqlite-jdbc-3.46.0.0.jar:/home/kodcu/.m2/repository/com/mysql/mysql-connector-j/8.0.33/mysql-connector-j-8.0.33.jar:/home/kodcu/.m2/repository/com/google/protobuf/protobuf-java/3.21.9/protobuf-java-3.21.9.jar:/home/kodcu/.m2/repository/org/postgresql/postgresql/42.7.3/postgresql-42.7.3.jar:/home/kodcu/.m2/repository/org/checkerframework/checker-qual/3.42.0/checker-qual-3.42.0.jar:/home/kodcu/.m2/repository/org/mariadb/jdbc/mariadb-java-client/3.4.0/mariadb-java-client-3.4.0.jar:/home/kodcu/.m2/repository/org/slf4j/slf4j-api/2.1.0-alpha1/slf4j-api-2.1.0-alpha1.jar:/home/kodcu/.m2/repository/com/github/waffle/waffle-jna/3.4.0/waffle-jna-3.4.0.jar:/home/kodcu/.m2/repository/net/java/dev/jna/jna/5.14.0/jna-5.14.0.jar:/home/kodcu/.m2/repository/net/java/dev/jna/jna-platform/5.14.0/jna-platform-5.14.0.jar:/home/kodcu/.m2/repository/org/slf4j/jcl-over-slf4j/2.0.13/jcl-over-slf4j-2.0.13.jar:/home/kodcu/.m2/repository/com/github/ben-manes/caffeine/caffeine/3.1.8/caffeine-3.1.8.jar:/home/kodcu/.m2/repository/com/google/errorprone/error_prone_annotations/2.21.1/error_prone_annotations-2.21.1.jar:"/>
    <property name="java.vm.vendor" value="Eclipse Adoptium"/>
    <property name="sun.arch.data.model" value="64"/>
    <property name="java.vendor.url" value="https://adoptium.net/"/>
    <property name="os.name" value="Linux"/>
    <property name="java.vm.specification.version" value="21"/>
    <property name="sun.java.launcher" value="SUN_STANDARD"/>
    <property name="user.country" value="US"/>
    <property name="sun.boot.library.path" value="/home/kodcu/eclipse/plugins/org.eclipse.justj.openjdk.hotspot.jre.full.linux.x86_64_21.0.4.v20240802-1551/jre/lib"/>
    <property name="sun.java.command" value="/home/kodcu/Documents/eclipse-workspace/hotelManagementSystemJavaFXMaven/target/surefire/surefirebooter-20250109000217726_3.jar /home/kodcu/Documents/eclipse-workspace/hotelManagementSystemJavaFXMaven/target/surefire 2025-01-09T00-02-15_166-jvmRun1 surefire-20250109000217726_1tmp surefire_0-20250109000217726_2tmp"/>
    <property name="jdk.debug" value="release"/>
    <property name="surefire.test.class.path" value="/home/kodcu/Documents/eclipse-workspace/hotelManagementSystemJavaFXMaven/target/test-classes:/home/kodcu/Documents/eclipse-workspace/hotelManagementSystemJavaFXMaven/target/classes:/home/kodcu/.m2/repository/junit/junit/3.8.1/junit-3.8.1.jar:/home/kodcu/.m2/repository/org/openjfx/javafx-controls/23-ea+22/javafx-controls-23-ea+22.jar:/home/kodcu/.m2/repository/org/openjfx/javafx-controls/23-ea+22/javafx-controls-23-ea+22-linux.jar:/home/kodcu/.m2/repository/org/openjfx/javafx-graphics/23-ea+22/javafx-graphics-23-ea+22.jar:/home/kodcu/.m2/repository/org/openjfx/javafx-graphics/23-ea+22/javafx-graphics-23-ea+22-linux.jar:/home/kodcu/.m2/repository/org/openjfx/javafx-base/23-ea+22/javafx-base-23-ea+22.jar:/home/kodcu/.m2/repository/org/openjfx/javafx-base/23-ea+22/javafx-base-23-ea+22-linux.jar:/home/kodcu/.m2/repository/org/openjfx/javafx-fxml/23-ea+22/javafx-fxml-23-ea+22.jar:/home/kodcu/.m2/repository/org/openjfx/javafx-fxml/23-ea+22/javafx-fxml-23-ea+22-linux.jar:/home/kodcu/.m2/repository/org/openjfx/javafx-swing/23-ea+22/javafx-swing-23-ea+22.jar:/home/kodcu/.m2/repository/org/openjfx/javafx-swing/23-ea+22/javafx-swing-23-ea+22-linux.jar:/home/kodcu/.m2/repository/org/openjfx/javafx-web/23-ea+22/javafx-web-23-ea+22.jar:/home/kodcu/.m2/repository/org/openjfx/javafx-web/23-ea+22/javafx-web-23-ea+22-linux.jar:/home/kodcu/.m2/repository/org/openjfx/javafx-media/23-ea+22/javafx-media-23-ea+22.jar:/home/kodcu/.m2/repository/org/openjfx/javafx-media/23-ea+22/javafx-media-23-ea+22-linux.jar:/home/kodcu/.m2/repository/org/xerial/sqlite-jdbc/3.46.0.0/sqlite-jdbc-3.46.0.0.jar:/home/kodcu/.m2/repository/com/mysql/mysql-connector-j/8.0.33/mysql-connector-j-8.0.33.jar:/home/kodcu/.m2/repository/com/google/protobuf/protobuf-java/3.21.9/protobuf-java-3.21.9.jar:/home/kodcu/.m2/repository/org/postgresql/postgresql/42.7.3/postgresql-42.7.3.jar:/home/kodcu/.m2/repository/org/checkerframework/checker-qual/3.42.0/checker-qual-3.42.0.jar:/home/kodcu/.m2/repository/org/mariadb/jdbc/mariadb-java-client/3.4.0/mariadb-java-client-3.4.0.jar:/home/kodcu/.m2/repository/org/slf4j/slf4j-api/2.1.0-alpha1/slf4j-api-2.1.0-alpha1.jar:/home/kodcu/.m2/repository/com/github/waffle/waffle-jna/3.4.0/waffle-jna-3.4.0.jar:/home/kodcu/.m2/repository/net/java/dev/jna/jna/5.14.0/jna-5.14.0.jar:/home/kodcu/.m2/repository/net/java/dev/jna/jna-platform/5.14.0/jna-platform-5.14.0.jar:/home/kodcu/.m2/repository/org/slf4j/jcl-over-slf4j/2.0.13/jcl-over-slf4j-2.0.13.jar:/home/kodcu/.m2/repository/com/github/ben-manes/caffeine/caffeine/3.1.8/caffeine-3.1.8.jar:/home/kodcu/.m2/repository/com/google/errorprone/error_prone_annotations/2.21.1/error_prone_annotations-2.21.1.jar:"/>
    <property name="sun.cpu.endian" value="little"/>
    <property name="user.home" value="/home/kodcu"/>
    <property name="user.language" value="en"/>
    <property name="java.specification.vendor" value="Oracle Corporation"/>
    <property name="java.version.date" value="2024-07-16"/>
    <property name="java.home" value="/home/kodcu/eclipse/plugins/org.eclipse.justj.openjdk.hotspot.jre.full.linux.x86_64_21.0.4.v20240802-1551/jre"/>
    <property name="file.separator" value="/"/>
    <property name="basedir" value="/home/kodcu/Documents/eclipse-workspace/hotelManagementSystemJavaFXMaven"/>
    <property name="style.color" value="always"/>
    <property name="java.vm.compressedOopsMode" value="32-bit"/>
    <property name="line.separator" value="&#10;"/>
    <property name="java.specification.name" value="Java Platform API Specification"/>
    <property name="java.vm.specification.vendor" value="Oracle Corporation"/>
    <property name="surefire.real.class.path" value="/home/kodcu/Documents/eclipse-workspace/hotelManagementSystemJavaFXMaven/target/surefire/surefirebooter-20250109000217726_3.jar"/>
    <property name="sun.management.compiler" value="HotSpot 64-Bit Tiered Compilers"/>
    <property name="java.runtime.version" value="21.0.4+7-LTS"/>
    <property name="user.name" value="kodcu"/>
    <property name="stdout.encoding" value="UTF-8"/>
    <property name="path.separator" value=":"/>
    <property name="os.version" value="6.1.0-28-amd64"/>
    <property name="java.runtime.name" value="OpenJDK Runtime Environment"/>
    <property name="file.encoding" value="UTF-8"/>
    <property name="java.vm.name" value="OpenJDK 64-Bit Server VM"/>
    <property name="java.vendor.version" value="Temurin-21.0.4+7"/>
    <property name="localRepository" value="/home/kodcu/.m2/repository"/>
    <property name="java.vendor.url.bug" value="https://github.com/adoptium/adoptium-support/issues"/>
    <property name="java.io.tmpdir" value="/tmp"/>
    <property name="java.version" value="21.0.4"/>
    <property name="user.dir" value="/home/kodcu/Documents/eclipse-workspace/hotelManagementSystemJavaFXMaven"/>
    <property name="os.arch" value="amd64"/>
    <property name="java.vm.specification.name" value="Java Virtual Machine Specification"/>
    <property name="native.encoding" value="UTF-8"/>
    <property name="java.library.path" value="/usr/java/packages/lib:/usr/lib64:/lib64:/lib:/usr/lib"/>
    <property name="java.vm.info" value="mixed mode"/>
    <property name="stderr.encoding" value="UTF-8"/>
    <property name="java.vendor" value="Eclipse Adoptium"/>
    <property name="java.vm.version" value="21.0.4+7-LTS"/>
    <property name="sun.io.unicode.encoding" value="UnicodeLittle"/>
    <property name="java.class.version" value="65.0"/>
  </properties>
  <testcase name="testApp" classname="kodcu.hotelManagementSystemJavaFXMaven.AppTest" time="0.007"/>
</testsuite>